<?xml version="1.0" encoding="UTF-8"?>
<!-- Generated by org.testng.reporters.JUnitReportReporter -->
<testsuite hostname="DESKTOP-NKE74KJ" failures="0" tests="3" name="crossbrowsertesting.CrossBrowserTesting" time="166.323" errors="1" timestamp="2023-03-09T13:03:43 IST" skipped="1">
  <testcase classname="crossbrowsertesting.CrossBrowserTesting" name="launchBrowser" time="129.753">
    <error message="disconnected: received Inspector.detached event
  (failed to check if window was closed: disconnected: unable to connect to renderer)
  (Session info: MicrosoftEdge=108.0.1462.54)
Build info: version: &#039;3.141.59&#039;, revision: &#039;e82be7d358&#039;, time: &#039;2018-11-14T08:17:03&#039;
System info: host: &#039;DESKTOP-NKE74KJ&#039;, ip: &#039;192.168.103.69&#039;, os.name: &#039;Windows 10&#039;, os.arch: &#039;amd64&#039;, os.version: &#039;10.0&#039;, java.version: &#039;17.0.5&#039;
Driver info: driver.version: EdgeDriver
remote stacktrace: Backtrace:
	Microsoft::Applications::Events::EventProperties::SetProperty [0x00007FF7D78096C2+14306]
	Microsoft::Applications::Events::EventProperty::EventProperty [0x00007FF7D7790E82+842082]
	(No symbol) [0x00007FF7D7441D90]
	(No symbol) [0x00007FF7D742ED70]
	(No symbol) [0x00007FF7D742E5AF]
	(No symbol) [0x00007FF7D742D4EF]
	(No symbol) [0x00007FF7D742D30A]
	(No symbol) [0x00007FF7D742BE8D]
	(No symbol) [0x00007FF7D742C34A]
	(No symbol) [0x00007FF7D742ADA6]
	(No symbol) [0x00007FF7D7438FCD]
	(No symbol) [0x00007FF7D742A6CE]
	(No symbol) [0x00007FF7D742CF0B]
	(No symbol) [0x00007FF7D742BE8D]
	(No symbol) [0x00007FF7D742C34A]
	(No symbol) [0x00007FF7D742ADA6]
	(No symbol) [0x00007FF7D7435C94]
	(No symbol) [0x00007FF7D742A6CE]
	(No symbol) [0x00007FF7D742CF0B]
	(No symbol) [0x00007FF7D742BE8D]
	(No symbol) [0x00007FF7D742C34A]
	(No symbol) [0x00007FF7D742ADA6]
	(No symbol) [0x00007FF7D7432ED1]
	(No symbol) [0x00007FF7D742A6CE]
	(No symbol) [0x00007FF7D742CF0B]
	(No symbol) [0x00007FF7D742BE8D]
	(No symbol) [0x00007FF7D742C34A]
	(No symbol) [0x00007FF7D742ADA6]
	(No symbol) [0x00007FF7D742285A]
	(No symbol) [0x00007FF7D742A6CE]
	(No symbol) [0x00007FF7D7429B03]
	(No symbol) [0x00007FF7D7429729]
	(No symbol) [0x00007FF7D74435BD]
	(No symbol) [0x00007FF7D741A623]
	(No symbol) [0x00007FF7D74191D7]
	(No symbol) [0x00007FF7D74AE1E4]
	(No symbol) [0x00007FF7D74AD3BA]
	(No symbol) [0x00007FF7D74A5B03]
	(No symbol) [0x00007FF7D74773B8]
	(No symbol) [0x00007FF7D747638E]
	(No symbol) [0x00007FF7D7477AE4]
	Microsoft::Applications::Events::EventProperty::EventProperty [0x00007FF7D76E0670+119120]
	Microsoft::Applications::Events::EventProperty::EventProperty [0x00007FF7D76CDCD6+42934]
	Microsoft::Applications::Events::EventProperty::EventProperty [0x00007FF7D76D0EEC+55756]
	(No symbol) [0x00007FF7D7548203]
	Microsoft::Applications::Events::EventProperty::EventProperty [0x00007FF7D779893A+873498]
	Microsoft::Applications::Events::EventProperty::EventProperty [0x00007FF7D779DA34+894228]
	Microsoft::Applications::Events::EventProperty::EventProperty [0x00007FF7D779DB8C+894572]
	Microsoft::Applications::Events::EventProperty::EventProperty [0x00007FF7D77A6CAE+931726]
	BaseThreadInitThunk [0x00007FF829A77614+20]
	RtlUserThreadStart [0x00007FF829F826A1+33]
" type="org.openqa.selenium.WebDriverException">
      <![CDATA[org.openqa.selenium.WebDriverException: disconnected: received Inspector.detached event
  (failed to check if window was closed: disconnected: unable to connect to renderer)
  (Session info: MicrosoftEdge=108.0.1462.54)
Build info: version: '3.141.59', revision: 'e82be7d358', time: '2018-11-14T08:17:03'
System info: host: 'DESKTOP-NKE74KJ', ip: '192.168.103.69', os.name: 'Windows 10', os.arch: 'amd64', os.version: '10.0', java.version: '17.0.5'
Driver info: driver.version: EdgeDriver
remote stacktrace: Backtrace:
Microsoft::Applications::Events::EventProperties::SetProperty [0x00007FF7D78096C2+14306]
Microsoft::Applications::Events::EventProperty::EventProperty [0x00007FF7D7790E82+842082]
(No symbol) [0x00007FF7D7441D90]
(No symbol) [0x00007FF7D742ED70]
(No symbol) [0x00007FF7D742E5AF]
(No symbol) [0x00007FF7D742D4EF]
(No symbol) [0x00007FF7D742D30A]
(No symbol) [0x00007FF7D742BE8D]
(No symbol) [0x00007FF7D742C34A]
(No symbol) [0x00007FF7D742ADA6]
(No symbol) [0x00007FF7D7438FCD]
(No symbol) [0x00007FF7D742A6CE]
(No symbol) [0x00007FF7D742CF0B]
(No symbol) [0x00007FF7D742BE8D]
(No symbol) [0x00007FF7D742C34A]
(No symbol) [0x00007FF7D742ADA6]
(No symbol) [0x00007FF7D7435C94]
(No symbol) [0x00007FF7D742A6CE]
(No symbol) [0x00007FF7D742CF0B]
(No symbol) [0x00007FF7D742BE8D]
(No symbol) [0x00007FF7D742C34A]
(No symbol) [0x00007FF7D742ADA6]
(No symbol) [0x00007FF7D7432ED1]
(No symbol) [0x00007FF7D742A6CE]
(No symbol) [0x00007FF7D742CF0B]
(No symbol) [0x00007FF7D742BE8D]
(No symbol) [0x00007FF7D742C34A]
(No symbol) [0x00007FF7D742ADA6]
(No symbol) [0x00007FF7D742285A]
(No symbol) [0x00007FF7D742A6CE]
(No symbol) [0x00007FF7D7429B03]
(No symbol) [0x00007FF7D7429729]
(No symbol) [0x00007FF7D74435BD]
(No symbol) [0x00007FF7D741A623]
(No symbol) [0x00007FF7D74191D7]
(No symbol) [0x00007FF7D74AE1E4]
(No symbol) [0x00007FF7D74AD3BA]
(No symbol) [0x00007FF7D74A5B03]
(No symbol) [0x00007FF7D74773B8]
(No symbol) [0x00007FF7D747638E]
(No symbol) [0x00007FF7D7477AE4]
Microsoft::Applications::Events::EventProperty::EventProperty [0x00007FF7D76E0670+119120]
Microsoft::Applications::Events::EventProperty::EventProperty [0x00007FF7D76CDCD6+42934]
Microsoft::Applications::Events::EventProperty::EventProperty [0x00007FF7D76D0EEC+55756]
(No symbol) [0x00007FF7D7548203]
Microsoft::Applications::Events::EventProperty::EventProperty [0x00007FF7D779893A+873498]
Microsoft::Applications::Events::EventProperty::EventProperty [0x00007FF7D779DA34+894228]
Microsoft::Applications::Events::EventProperty::EventProperty [0x00007FF7D779DB8C+894572]
Microsoft::Applications::Events::EventProperty::EventProperty [0x00007FF7D77A6CAE+931726]
BaseThreadInitThunk [0x00007FF829A77614+20]
RtlUserThreadStart [0x00007FF829F826A1+33]

at java.base/jdk.internal.reflect.NativeConstructorAccessorImpl.newInstance0(Native Method)
at java.base/jdk.internal.reflect.NativeConstructorAccessorImpl.newInstance(NativeConstructorAccessorImpl.java:77)
at java.base/jdk.internal.reflect.DelegatingConstructorAccessorImpl.newInstance(DelegatingConstructorAccessorImpl.java:45)
at java.base/java.lang.reflect.Constructor.newInstanceWithCaller(Constructor.java:499)
at java.base/java.lang.reflect.Constructor.newInstance(Constructor.java:480)
at org.openqa.selenium.remote.W3CHandshakeResponse.lambda$errorHandler$0(W3CHandshakeResponse.java:62)
at org.openqa.selenium.remote.HandshakeResponse.lambda$getResponseFunction$0(HandshakeResponse.java:30)
at org.openqa.selenium.remote.ProtocolHandshake.lambda$createSession$0(ProtocolHandshake.java:126)
at java.base/java.util.stream.ReferencePipeline$3$1.accept(ReferencePipeline.java:197)
at java.base/java.util.Spliterators$ArraySpliterator.tryAdvance(Spliterators.java:1002)
at java.base/java.util.stream.ReferencePipeline.forEachWithCancel(ReferencePipeline.java:129)
at java.base/java.util.stream.AbstractPipeline.copyIntoWithCancel(AbstractPipeline.java:527)
at java.base/java.util.stream.AbstractPipeline.copyInto(AbstractPipeline.java:513)
at java.base/java.util.stream.AbstractPipeline.wrapAndCopyInto(AbstractPipeline.java:499)
at java.base/java.util.stream.FindOps$FindOp.evaluateSequential(FindOps.java:150)
at java.base/java.util.stream.AbstractPipeline.evaluate(AbstractPipeline.java:234)
at java.base/java.util.stream.ReferencePipeline.findFirst(ReferencePipeline.java:647)
at org.openqa.selenium.remote.ProtocolHandshake.createSession(ProtocolHandshake.java:128)
at org.openqa.selenium.remote.ProtocolHandshake.createSession(ProtocolHandshake.java:74)
at org.openqa.selenium.remote.HttpCommandExecutor.execute(HttpCommandExecutor.java:136)
at org.openqa.selenium.remote.service.DriverCommandExecutor.execute(DriverCommandExecutor.java:83)
at org.openqa.selenium.remote.RemoteWebDriver.execute(RemoteWebDriver.java:552)
at org.openqa.selenium.remote.RemoteWebDriver.startSession(RemoteWebDriver.java:213)
at org.openqa.selenium.remote.RemoteWebDriver.<init>(RemoteWebDriver.java:131)
at org.openqa.selenium.edge.EdgeDriver.<init>(EdgeDriver.java:141)
at org.openqa.selenium.edge.EdgeDriver.<init>(EdgeDriver.java:96)
at crossbrowsertesting.CrossBrowserTesting.launchBrowser(CrossBrowserTesting.java:31)
at java.base/jdk.internal.reflect.NativeMethodAccessorImpl.invoke0(Native Method)
at java.base/jdk.internal.reflect.NativeMethodAccessorImpl.invoke(NativeMethodAccessorImpl.java:77)
at java.base/jdk.internal.reflect.DelegatingMethodAccessorImpl.invoke(DelegatingMethodAccessorImpl.java:43)
at java.base/java.lang.reflect.Method.invoke(Method.java:568)
at org.testng.internal.MethodInvocationHelper.invokeMethod(MethodInvocationHelper.java:133)
at org.testng.internal.MethodInvocationHelper.invokeMethodConsideringTimeout(MethodInvocationHelper.java:62)
at org.testng.internal.ConfigInvoker.invokeConfigurationMethod(ConfigInvoker.java:385)
at org.testng.internal.ConfigInvoker.invokeConfigurations(ConfigInvoker.java:321)
at org.testng.internal.TestInvoker.runConfigMethods(TestInvoker.java:700)
at org.testng.internal.TestInvoker.invokeMethod(TestInvoker.java:527)
at org.testng.internal.TestInvoker.invokeTestMethod(TestInvoker.java:173)
at org.testng.internal.MethodRunner.runInSequence(MethodRunner.java:46)
at org.testng.internal.TestInvoker$MethodInvocationAgent.invoke(TestInvoker.java:824)
at org.testng.internal.TestInvoker.invokeTestMethods(TestInvoker.java:146)
at org.testng.internal.TestMethodWorker.invokeTestMethods(TestMethodWorker.java:146)
at org.testng.internal.TestMethodWorker.run(TestMethodWorker.java:128)
at java.base/java.util.ArrayList.forEach(ArrayList.java:1511)
at org.testng.TestRunner.privateRun(TestRunner.java:794)
at org.testng.TestRunner.run(TestRunner.java:596)
at org.testng.SuiteRunner.runTest(SuiteRunner.java:377)
at org.testng.SuiteRunner.runSequentially(SuiteRunner.java:371)
at org.testng.SuiteRunner.privateRun(SuiteRunner.java:332)
at org.testng.SuiteRunner.run(SuiteRunner.java:276)
at org.testng.SuiteRunnerWorker.runSuite(SuiteRunnerWorker.java:53)
at org.testng.SuiteRunnerWorker.run(SuiteRunnerWorker.java:96)
at org.testng.TestNG.runSuitesSequentially(TestNG.java:1212)
at org.testng.TestNG.runSuitesLocally(TestNG.java:1134)
at org.testng.TestNG.runSuites(TestNG.java:1063)
at org.testng.TestNG.run(TestNG.java:1031)
at org.testng.remote.AbstractRemoteTestNG.run(AbstractRemoteTestNG.java:115)
at org.testng.remote.RemoteTestNG.initAndRun(RemoteTestNG.java:251)
at org.testng.remote.RemoteTestNG.main(RemoteTestNG.java:77)
]]>
    </error>
  </testcase> <!-- launchBrowser -->
  <system-out/>
  <testcase classname="crossbrowsertesting.CrossBrowserTesting" name="verifyTitle" time="36.570"/>
  <system-out/>
  <testcase classname="crossbrowsertesting.CrossBrowserTesting" name="verifyTitle" time="0.000">
    <skipped/>
  </testcase> <!-- verifyTitle -->
  <system-out/>
</testsuite> <!-- crossbrowsertesting.CrossBrowserTesting -->
