<?xml version="1.0" encoding="UTF-8"?>
<!-- Generated by org.testng.reporters.JUnitXMLReporter -->
<testsuite ignored="0" hostname="DESKTOP-NKE74KJ" failures="0" tests="6" name="Parallel_methodslevel" time="227.025" errors="0" timestamp="2023-03-02T12:06:37 IST">
  <testcase classname="testingparallelism.CloudProviders" name="@BeforeMethod launchBrowser" time="152.516">
    <failure type="org.openqa.selenium.WebDriverException" message="chrome not reachable
Build info: version: &amp;apos;3.141.59&amp;apos;, revision: &amp;apos;e82be7d358&amp;apos;, time: &amp;apos;2018-11-14T08:17:03&amp;apos;
System info: host: &amp;apos;DESKTOP-NKE74KJ&amp;apos;, ip: &amp;apos;192.168.103.69&amp;apos;, os.name: &amp;apos;Windows 10&amp;apos;, os.arch: &amp;apos;amd64&amp;apos;, os.version: &amp;apos;10.0&amp;apos;, java.version: &amp;apos;17.0.5&amp;apos;
Driver info: driver.version: ChromeDriver
remote stacktrace: Backtrace:
	(No symbol) [0x009D37D3]
	(No symbol) [0x00968B81]
	(No symbol) [0x0086B230]
	(No symbol) [0x008608BA]
	(No symbol) [0x0088E6CE]
	(No symbol) [0x00889B90]
	(No symbol) [0x00886FC9]
	(No symbol) [0x008C1ED5]
	(No symbol) [0x008C1B2C]
	(No symbol) [0x008BB216]
	(No symbol) [0x00890D97]
	(No symbol) [0x0089253D]
	GetHandleVerifier [0x00C4ABF2+2510930]
	GetHandleVerifier [0x00C78EC1+2700065]
	GetHandleVerifier [0x00C7C86C+2714828]
	GetHandleVerifier [0x00A83480+645344]
	(No symbol) [0x00970FD2]
	(No symbol) [0x00976C68]
	(No symbol) [0x00976D4B]
	(No symbol) [0x00980D6B]
	BaseThreadInitThunk [0x760200F9+25]
	RtlGetAppContainerNamedObjectPath [0x77AC7BBE+286]
	RtlGetAppContainerNamedObjectPath [0x77AC7B8E+238]
">
      <![CDATA[org.openqa.selenium.WebDriverException: chrome not reachable
Build info: version: '3.141.59', revision: 'e82be7d358', time: '2018-11-14T08:17:03'
System info: host: 'DESKTOP-NKE74KJ', ip: '192.168.103.69', os.name: 'Windows 10', os.arch: 'amd64', os.version: '10.0', java.version: '17.0.5'
Driver info: driver.version: ChromeDriver
remote stacktrace: Backtrace:
(No symbol) [0x009D37D3]
(No symbol) [0x00968B81]
(No symbol) [0x0086B230]
(No symbol) [0x008608BA]
(No symbol) [0x0088E6CE]
(No symbol) [0x00889B90]
(No symbol) [0x00886FC9]
(No symbol) [0x008C1ED5]
(No symbol) [0x008C1B2C]
(No symbol) [0x008BB216]
(No symbol) [0x00890D97]
(No symbol) [0x0089253D]
GetHandleVerifier [0x00C4ABF2+2510930]
GetHandleVerifier [0x00C78EC1+2700065]
GetHandleVerifier [0x00C7C86C+2714828]
GetHandleVerifier [0x00A83480+645344]
(No symbol) [0x00970FD2]
(No symbol) [0x00976C68]
(No symbol) [0x00976D4B]
(No symbol) [0x00980D6B]
BaseThreadInitThunk [0x760200F9+25]
RtlGetAppContainerNamedObjectPath [0x77AC7BBE+286]
RtlGetAppContainerNamedObjectPath [0x77AC7B8E+238]

at org.openqa.selenium.remote.W3CHandshakeResponse.lambda$errorHandler$0(W3CHandshakeResponse.java:62)
at org.openqa.selenium.remote.HandshakeResponse.lambda$getResponseFunction$0(HandshakeResponse.java:30)
at org.openqa.selenium.remote.ProtocolHandshake.lambda$createSession$0(ProtocolHandshake.java:126)
at java.base/java.util.stream.ReferencePipeline$3$1.accept(ReferencePipeline.java:197)
at java.base/java.util.Spliterators$ArraySpliterator.tryAdvance(Spliterators.java:1002)
at java.base/java.util.stream.ReferencePipeline.forEachWithCancel(ReferencePipeline.java:129)
at java.base/java.util.stream.AbstractPipeline.copyIntoWithCancel(AbstractPipeline.java:527)
at java.base/java.util.stream.AbstractPipeline.copyInto(AbstractPipeline.java:513)
at java.base/java.util.stream.AbstractPipeline.wrapAndCopyInto(AbstractPipeline.java:499)
at java.base/java.util.stream.FindOps$FindOp.evaluateSequential(FindOps.java:150)
at java.base/java.util.stream.AbstractPipeline.evaluate(AbstractPipeline.java:234)
at java.base/java.util.stream.ReferencePipeline.findFirst(ReferencePipeline.java:647)
at org.openqa.selenium.remote.ProtocolHandshake.createSession(ProtocolHandshake.java:128)
at org.openqa.selenium.remote.ProtocolHandshake.createSession(ProtocolHandshake.java:74)
at org.openqa.selenium.remote.HttpCommandExecutor.execute(HttpCommandExecutor.java:136)
at org.openqa.selenium.remote.service.DriverCommandExecutor.execute(DriverCommandExecutor.java:83)
at org.openqa.selenium.remote.RemoteWebDriver.execute(RemoteWebDriver.java:552)
at org.openqa.selenium.remote.RemoteWebDriver.startSession(RemoteWebDriver.java:213)
at org.openqa.selenium.remote.RemoteWebDriver.<init>(RemoteWebDriver.java:131)
at org.openqa.selenium.chrome.ChromeDriver.<init>(ChromeDriver.java:181)
at org.openqa.selenium.chrome.ChromeDriver.<init>(ChromeDriver.java:168)
at org.openqa.selenium.chrome.ChromeDriver.<init>(ChromeDriver.java:123)
at testingparallelism.CloudProviders.launchBrowser(CloudProviders.java:19)
at java.base/java.util.concurrent.ThreadPoolExecutor.runWorker(ThreadPoolExecutor.java:1136)
at java.base/java.util.concurrent.ThreadPoolExecutor$Worker.run(ThreadPoolExecutor.java:635)
at java.base/java.lang.Thread.run(Thread.java:833)
... Removed 21 stack frames]]>
    </failure>
  </testcase> <!-- @BeforeMethod launchBrowser -->
  <testcase classname="testingparallelism.GroupLearning" name="@BeforeMethod launchBrowser" time="152.516">
    <failure type="org.openqa.selenium.WebDriverException" message="chrome not reachable
Build info: version: &amp;apos;3.141.59&amp;apos;, revision: &amp;apos;e82be7d358&amp;apos;, time: &amp;apos;2018-11-14T08:17:03&amp;apos;
System info: host: &amp;apos;DESKTOP-NKE74KJ&amp;apos;, ip: &amp;apos;192.168.103.69&amp;apos;, os.name: &amp;apos;Windows 10&amp;apos;, os.arch: &amp;apos;amd64&amp;apos;, os.version: &amp;apos;10.0&amp;apos;, java.version: &amp;apos;17.0.5&amp;apos;
Driver info: driver.version: ChromeDriver
remote stacktrace: Backtrace:
	(No symbol) [0x009D37D3]
	(No symbol) [0x00968B81]
	(No symbol) [0x0086B230]
	(No symbol) [0x008608BA]
	(No symbol) [0x0088E6CE]
	(No symbol) [0x00889B90]
	(No symbol) [0x00886FC9]
	(No symbol) [0x008C1ED5]
	(No symbol) [0x008C1B2C]
	(No symbol) [0x008BB216]
	(No symbol) [0x00890D97]
	(No symbol) [0x0089253D]
	GetHandleVerifier [0x00C4ABF2+2510930]
	GetHandleVerifier [0x00C78EC1+2700065]
	GetHandleVerifier [0x00C7C86C+2714828]
	GetHandleVerifier [0x00A83480+645344]
	(No symbol) [0x00970FD2]
	(No symbol) [0x00976C68]
	(No symbol) [0x00976D4B]
	(No symbol) [0x00980D6B]
	BaseThreadInitThunk [0x760200F9+25]
	RtlGetAppContainerNamedObjectPath [0x77AC7BBE+286]
	RtlGetAppContainerNamedObjectPath [0x77AC7B8E+238]
">
      <![CDATA[org.openqa.selenium.WebDriverException: chrome not reachable
Build info: version: '3.141.59', revision: 'e82be7d358', time: '2018-11-14T08:17:03'
System info: host: 'DESKTOP-NKE74KJ', ip: '192.168.103.69', os.name: 'Windows 10', os.arch: 'amd64', os.version: '10.0', java.version: '17.0.5'
Driver info: driver.version: ChromeDriver
remote stacktrace: Backtrace:
(No symbol) [0x009D37D3]
(No symbol) [0x00968B81]
(No symbol) [0x0086B230]
(No symbol) [0x008608BA]
(No symbol) [0x0088E6CE]
(No symbol) [0x00889B90]
(No symbol) [0x00886FC9]
(No symbol) [0x008C1ED5]
(No symbol) [0x008C1B2C]
(No symbol) [0x008BB216]
(No symbol) [0x00890D97]
(No symbol) [0x0089253D]
GetHandleVerifier [0x00C4ABF2+2510930]
GetHandleVerifier [0x00C78EC1+2700065]
GetHandleVerifier [0x00C7C86C+2714828]
GetHandleVerifier [0x00A83480+645344]
(No symbol) [0x00970FD2]
(No symbol) [0x00976C68]
(No symbol) [0x00976D4B]
(No symbol) [0x00980D6B]
BaseThreadInitThunk [0x760200F9+25]
RtlGetAppContainerNamedObjectPath [0x77AC7BBE+286]
RtlGetAppContainerNamedObjectPath [0x77AC7B8E+238]

at org.openqa.selenium.remote.W3CHandshakeResponse.lambda$errorHandler$0(W3CHandshakeResponse.java:62)
at org.openqa.selenium.remote.HandshakeResponse.lambda$getResponseFunction$0(HandshakeResponse.java:30)
at org.openqa.selenium.remote.ProtocolHandshake.lambda$createSession$0(ProtocolHandshake.java:126)
at java.base/java.util.stream.ReferencePipeline$3$1.accept(ReferencePipeline.java:197)
at java.base/java.util.Spliterators$ArraySpliterator.tryAdvance(Spliterators.java:1002)
at java.base/java.util.stream.ReferencePipeline.forEachWithCancel(ReferencePipeline.java:129)
at java.base/java.util.stream.AbstractPipeline.copyIntoWithCancel(AbstractPipeline.java:527)
at java.base/java.util.stream.AbstractPipeline.copyInto(AbstractPipeline.java:513)
at java.base/java.util.stream.AbstractPipeline.wrapAndCopyInto(AbstractPipeline.java:499)
at java.base/java.util.stream.FindOps$FindOp.evaluateSequential(FindOps.java:150)
at java.base/java.util.stream.AbstractPipeline.evaluate(AbstractPipeline.java:234)
at java.base/java.util.stream.ReferencePipeline.findFirst(ReferencePipeline.java:647)
at org.openqa.selenium.remote.ProtocolHandshake.createSession(ProtocolHandshake.java:128)
at org.openqa.selenium.remote.ProtocolHandshake.createSession(ProtocolHandshake.java:74)
at org.openqa.selenium.remote.HttpCommandExecutor.execute(HttpCommandExecutor.java:136)
at org.openqa.selenium.remote.service.DriverCommandExecutor.execute(DriverCommandExecutor.java:83)
at org.openqa.selenium.remote.RemoteWebDriver.execute(RemoteWebDriver.java:552)
at org.openqa.selenium.remote.RemoteWebDriver.startSession(RemoteWebDriver.java:213)
at org.openqa.selenium.remote.RemoteWebDriver.<init>(RemoteWebDriver.java:131)
at org.openqa.selenium.chrome.ChromeDriver.<init>(ChromeDriver.java:181)
at org.openqa.selenium.chrome.ChromeDriver.<init>(ChromeDriver.java:168)
at org.openqa.selenium.chrome.ChromeDriver.<init>(ChromeDriver.java:123)
at testingparallelism.GroupLearning.launchBrowser(GroupLearning.java:19)
at java.base/java.util.concurrent.ThreadPoolExecutor.runWorker(ThreadPoolExecutor.java:1136)
at java.base/java.util.concurrent.ThreadPoolExecutor$Worker.run(ThreadPoolExecutor.java:635)
at java.base/java.lang.Thread.run(Thread.java:833)
... Removed 21 stack frames]]>
    </failure>
  </testcase> <!-- @BeforeMethod launchBrowser -->
  <testcase classname="testingparallelism.GroupSocial" name="@BeforeMethod launchBrowser" time="152.516">
    <failure type="org.openqa.selenium.WebDriverException" message="chrome not reachable
Build info: version: &amp;apos;3.141.59&amp;apos;, revision: &amp;apos;e82be7d358&amp;apos;, time: &amp;apos;2018-11-14T08:17:03&amp;apos;
System info: host: &amp;apos;DESKTOP-NKE74KJ&amp;apos;, ip: &amp;apos;192.168.103.69&amp;apos;, os.name: &amp;apos;Windows 10&amp;apos;, os.arch: &amp;apos;amd64&amp;apos;, os.version: &amp;apos;10.0&amp;apos;, java.version: &amp;apos;17.0.5&amp;apos;
Driver info: driver.version: ChromeDriver
remote stacktrace: Backtrace:
	(No symbol) [0x009D37D3]
	(No symbol) [0x00968B81]
	(No symbol) [0x0086B230]
	(No symbol) [0x008608BA]
	(No symbol) [0x0088E6CE]
	(No symbol) [0x00889B90]
	(No symbol) [0x00886FC9]
	(No symbol) [0x008C1ED5]
	(No symbol) [0x008C1B2C]
	(No symbol) [0x008BB216]
	(No symbol) [0x00890D97]
	(No symbol) [0x0089253D]
	GetHandleVerifier [0x00C4ABF2+2510930]
	GetHandleVerifier [0x00C78EC1+2700065]
	GetHandleVerifier [0x00C7C86C+2714828]
	GetHandleVerifier [0x00A83480+645344]
	(No symbol) [0x00970FD2]
	(No symbol) [0x00976C68]
	(No symbol) [0x00976D4B]
	(No symbol) [0x00980D6B]
	BaseThreadInitThunk [0x760200F9+25]
	RtlGetAppContainerNamedObjectPath [0x77AC7BBE+286]
	RtlGetAppContainerNamedObjectPath [0x77AC7B8E+238]
">
      <![CDATA[org.openqa.selenium.WebDriverException: chrome not reachable
Build info: version: '3.141.59', revision: 'e82be7d358', time: '2018-11-14T08:17:03'
System info: host: 'DESKTOP-NKE74KJ', ip: '192.168.103.69', os.name: 'Windows 10', os.arch: 'amd64', os.version: '10.0', java.version: '17.0.5'
Driver info: driver.version: ChromeDriver
remote stacktrace: Backtrace:
(No symbol) [0x009D37D3]
(No symbol) [0x00968B81]
(No symbol) [0x0086B230]
(No symbol) [0x008608BA]
(No symbol) [0x0088E6CE]
(No symbol) [0x00889B90]
(No symbol) [0x00886FC9]
(No symbol) [0x008C1ED5]
(No symbol) [0x008C1B2C]
(No symbol) [0x008BB216]
(No symbol) [0x00890D97]
(No symbol) [0x0089253D]
GetHandleVerifier [0x00C4ABF2+2510930]
GetHandleVerifier [0x00C78EC1+2700065]
GetHandleVerifier [0x00C7C86C+2714828]
GetHandleVerifier [0x00A83480+645344]
(No symbol) [0x00970FD2]
(No symbol) [0x00976C68]
(No symbol) [0x00976D4B]
(No symbol) [0x00980D6B]
BaseThreadInitThunk [0x760200F9+25]
RtlGetAppContainerNamedObjectPath [0x77AC7BBE+286]
RtlGetAppContainerNamedObjectPath [0x77AC7B8E+238]

at org.openqa.selenium.remote.W3CHandshakeResponse.lambda$errorHandler$0(W3CHandshakeResponse.java:62)
at org.openqa.selenium.remote.HandshakeResponse.lambda$getResponseFunction$0(HandshakeResponse.java:30)
at org.openqa.selenium.remote.ProtocolHandshake.lambda$createSession$0(ProtocolHandshake.java:126)
at java.base/java.util.stream.ReferencePipeline$3$1.accept(ReferencePipeline.java:197)
at java.base/java.util.Spliterators$ArraySpliterator.tryAdvance(Spliterators.java:1002)
at java.base/java.util.stream.ReferencePipeline.forEachWithCancel(ReferencePipeline.java:129)
at java.base/java.util.stream.AbstractPipeline.copyIntoWithCancel(AbstractPipeline.java:527)
at java.base/java.util.stream.AbstractPipeline.copyInto(AbstractPipeline.java:513)
at java.base/java.util.stream.AbstractPipeline.wrapAndCopyInto(AbstractPipeline.java:499)
at java.base/java.util.stream.FindOps$FindOp.evaluateSequential(FindOps.java:150)
at java.base/java.util.stream.AbstractPipeline.evaluate(AbstractPipeline.java:234)
at java.base/java.util.stream.ReferencePipeline.findFirst(ReferencePipeline.java:647)
at org.openqa.selenium.remote.ProtocolHandshake.createSession(ProtocolHandshake.java:128)
at org.openqa.selenium.remote.ProtocolHandshake.createSession(ProtocolHandshake.java:74)
at org.openqa.selenium.remote.HttpCommandExecutor.execute(HttpCommandExecutor.java:136)
at org.openqa.selenium.remote.service.DriverCommandExecutor.execute(DriverCommandExecutor.java:83)
at org.openqa.selenium.remote.RemoteWebDriver.execute(RemoteWebDriver.java:552)
at org.openqa.selenium.remote.RemoteWebDriver.startSession(RemoteWebDriver.java:213)
at org.openqa.selenium.remote.RemoteWebDriver.<init>(RemoteWebDriver.java:131)
at org.openqa.selenium.chrome.ChromeDriver.<init>(ChromeDriver.java:181)
at org.openqa.selenium.chrome.ChromeDriver.<init>(ChromeDriver.java:168)
at org.openqa.selenium.chrome.ChromeDriver.<init>(ChromeDriver.java:123)
at testingparallelism.GroupSocial.launchBrowser(GroupSocial.java:21)
at java.base/java.util.concurrent.ThreadPoolExecutor.runWorker(ThreadPoolExecutor.java:1136)
at java.base/java.util.concurrent.ThreadPoolExecutor$Worker.run(ThreadPoolExecutor.java:635)
at java.base/java.lang.Thread.run(Thread.java:833)
... Removed 21 stack frames]]>
    </failure>
  </testcase> <!-- @BeforeMethod launchBrowser -->
  <testcase classname="testingparallelism.GroupLearning" name="@BeforeMethod launchBrowser" time="152.517">
    <failure type="org.openqa.selenium.WebDriverException" message="chrome not reachable
Build info: version: &amp;apos;3.141.59&amp;apos;, revision: &amp;apos;e82be7d358&amp;apos;, time: &amp;apos;2018-11-14T08:17:03&amp;apos;
System info: host: &amp;apos;DESKTOP-NKE74KJ&amp;apos;, ip: &amp;apos;192.168.103.69&amp;apos;, os.name: &amp;apos;Windows 10&amp;apos;, os.arch: &amp;apos;amd64&amp;apos;, os.version: &amp;apos;10.0&amp;apos;, java.version: &amp;apos;17.0.5&amp;apos;
Driver info: driver.version: ChromeDriver
remote stacktrace: Backtrace:
	(No symbol) [0x009D37D3]
	(No symbol) [0x00968B81]
	(No symbol) [0x0086B230]
	(No symbol) [0x008608BA]
	(No symbol) [0x0088E6CE]
	(No symbol) [0x00889B90]
	(No symbol) [0x00886FC9]
	(No symbol) [0x008C1ED5]
	(No symbol) [0x008C1B2C]
	(No symbol) [0x008BB216]
	(No symbol) [0x00890D97]
	(No symbol) [0x0089253D]
	GetHandleVerifier [0x00C4ABF2+2510930]
	GetHandleVerifier [0x00C78EC1+2700065]
	GetHandleVerifier [0x00C7C86C+2714828]
	GetHandleVerifier [0x00A83480+645344]
	(No symbol) [0x00970FD2]
	(No symbol) [0x00976C68]
	(No symbol) [0x00976D4B]
	(No symbol) [0x00980D6B]
	BaseThreadInitThunk [0x760200F9+25]
	RtlGetAppContainerNamedObjectPath [0x77AC7BBE+286]
	RtlGetAppContainerNamedObjectPath [0x77AC7B8E+238]
">
      <![CDATA[org.openqa.selenium.WebDriverException: chrome not reachable
Build info: version: '3.141.59', revision: 'e82be7d358', time: '2018-11-14T08:17:03'
System info: host: 'DESKTOP-NKE74KJ', ip: '192.168.103.69', os.name: 'Windows 10', os.arch: 'amd64', os.version: '10.0', java.version: '17.0.5'
Driver info: driver.version: ChromeDriver
remote stacktrace: Backtrace:
(No symbol) [0x009D37D3]
(No symbol) [0x00968B81]
(No symbol) [0x0086B230]
(No symbol) [0x008608BA]
(No symbol) [0x0088E6CE]
(No symbol) [0x00889B90]
(No symbol) [0x00886FC9]
(No symbol) [0x008C1ED5]
(No symbol) [0x008C1B2C]
(No symbol) [0x008BB216]
(No symbol) [0x00890D97]
(No symbol) [0x0089253D]
GetHandleVerifier [0x00C4ABF2+2510930]
GetHandleVerifier [0x00C78EC1+2700065]
GetHandleVerifier [0x00C7C86C+2714828]
GetHandleVerifier [0x00A83480+645344]
(No symbol) [0x00970FD2]
(No symbol) [0x00976C68]
(No symbol) [0x00976D4B]
(No symbol) [0x00980D6B]
BaseThreadInitThunk [0x760200F9+25]
RtlGetAppContainerNamedObjectPath [0x77AC7BBE+286]
RtlGetAppContainerNamedObjectPath [0x77AC7B8E+238]

at org.openqa.selenium.remote.W3CHandshakeResponse.lambda$errorHandler$0(W3CHandshakeResponse.java:62)
at org.openqa.selenium.remote.HandshakeResponse.lambda$getResponseFunction$0(HandshakeResponse.java:30)
at org.openqa.selenium.remote.ProtocolHandshake.lambda$createSession$0(ProtocolHandshake.java:126)
at java.base/java.util.stream.ReferencePipeline$3$1.accept(ReferencePipeline.java:197)
at java.base/java.util.Spliterators$ArraySpliterator.tryAdvance(Spliterators.java:1002)
at java.base/java.util.stream.ReferencePipeline.forEachWithCancel(ReferencePipeline.java:129)
at java.base/java.util.stream.AbstractPipeline.copyIntoWithCancel(AbstractPipeline.java:527)
at java.base/java.util.stream.AbstractPipeline.copyInto(AbstractPipeline.java:513)
at java.base/java.util.stream.AbstractPipeline.wrapAndCopyInto(AbstractPipeline.java:499)
at java.base/java.util.stream.FindOps$FindOp.evaluateSequential(FindOps.java:150)
at java.base/java.util.stream.AbstractPipeline.evaluate(AbstractPipeline.java:234)
at java.base/java.util.stream.ReferencePipeline.findFirst(ReferencePipeline.java:647)
at org.openqa.selenium.remote.ProtocolHandshake.createSession(ProtocolHandshake.java:128)
at org.openqa.selenium.remote.ProtocolHandshake.createSession(ProtocolHandshake.java:74)
at org.openqa.selenium.remote.HttpCommandExecutor.execute(HttpCommandExecutor.java:136)
at org.openqa.selenium.remote.service.DriverCommandExecutor.execute(DriverCommandExecutor.java:83)
at org.openqa.selenium.remote.RemoteWebDriver.execute(RemoteWebDriver.java:552)
at org.openqa.selenium.remote.RemoteWebDriver.startSession(RemoteWebDriver.java:213)
at org.openqa.selenium.remote.RemoteWebDriver.<init>(RemoteWebDriver.java:131)
at org.openqa.selenium.chrome.ChromeDriver.<init>(ChromeDriver.java:181)
at org.openqa.selenium.chrome.ChromeDriver.<init>(ChromeDriver.java:168)
at org.openqa.selenium.chrome.ChromeDriver.<init>(ChromeDriver.java:123)
at testingparallelism.GroupLearning.launchBrowser(GroupLearning.java:19)
at java.base/java.util.concurrent.ThreadPoolExecutor.runWorker(ThreadPoolExecutor.java:1136)
at java.base/java.util.concurrent.ThreadPoolExecutor$Worker.run(ThreadPoolExecutor.java:635)
at java.base/java.lang.Thread.run(Thread.java:833)
... Removed 21 stack frames]]>
    </failure>
  </testcase> <!-- @BeforeMethod launchBrowser -->
  <testcase classname="testingparallelism.CloudProviders" name="@BeforeMethod launchBrowser" time="152.516">
    <failure type="org.openqa.selenium.WebDriverException" message="chrome not reachable
Build info: version: &amp;apos;3.141.59&amp;apos;, revision: &amp;apos;e82be7d358&amp;apos;, time: &amp;apos;2018-11-14T08:17:03&amp;apos;
System info: host: &amp;apos;DESKTOP-NKE74KJ&amp;apos;, ip: &amp;apos;192.168.103.69&amp;apos;, os.name: &amp;apos;Windows 10&amp;apos;, os.arch: &amp;apos;amd64&amp;apos;, os.version: &amp;apos;10.0&amp;apos;, java.version: &amp;apos;17.0.5&amp;apos;
Driver info: driver.version: ChromeDriver
remote stacktrace: Backtrace:
	(No symbol) [0x009D37D3]
	(No symbol) [0x00968B81]
	(No symbol) [0x0086B230]
	(No symbol) [0x008608BA]
	(No symbol) [0x0088E6CE]
	(No symbol) [0x00889B90]
	(No symbol) [0x00886FC9]
	(No symbol) [0x008C1ED5]
	(No symbol) [0x008C1B2C]
	(No symbol) [0x008BB216]
	(No symbol) [0x00890D97]
	(No symbol) [0x0089253D]
	GetHandleVerifier [0x00C4ABF2+2510930]
	GetHandleVerifier [0x00C78EC1+2700065]
	GetHandleVerifier [0x00C7C86C+2714828]
	GetHandleVerifier [0x00A83480+645344]
	(No symbol) [0x00970FD2]
	(No symbol) [0x00976C68]
	(No symbol) [0x00976D4B]
	(No symbol) [0x00980D6B]
	BaseThreadInitThunk [0x760200F9+25]
	RtlGetAppContainerNamedObjectPath [0x77AC7BBE+286]
	RtlGetAppContainerNamedObjectPath [0x77AC7B8E+238]
">
      <![CDATA[org.openqa.selenium.WebDriverException: chrome not reachable
Build info: version: '3.141.59', revision: 'e82be7d358', time: '2018-11-14T08:17:03'
System info: host: 'DESKTOP-NKE74KJ', ip: '192.168.103.69', os.name: 'Windows 10', os.arch: 'amd64', os.version: '10.0', java.version: '17.0.5'
Driver info: driver.version: ChromeDriver
remote stacktrace: Backtrace:
(No symbol) [0x009D37D3]
(No symbol) [0x00968B81]
(No symbol) [0x0086B230]
(No symbol) [0x008608BA]
(No symbol) [0x0088E6CE]
(No symbol) [0x00889B90]
(No symbol) [0x00886FC9]
(No symbol) [0x008C1ED5]
(No symbol) [0x008C1B2C]
(No symbol) [0x008BB216]
(No symbol) [0x00890D97]
(No symbol) [0x0089253D]
GetHandleVerifier [0x00C4ABF2+2510930]
GetHandleVerifier [0x00C78EC1+2700065]
GetHandleVerifier [0x00C7C86C+2714828]
GetHandleVerifier [0x00A83480+645344]
(No symbol) [0x00970FD2]
(No symbol) [0x00976C68]
(No symbol) [0x00976D4B]
(No symbol) [0x00980D6B]
BaseThreadInitThunk [0x760200F9+25]
RtlGetAppContainerNamedObjectPath [0x77AC7BBE+286]
RtlGetAppContainerNamedObjectPath [0x77AC7B8E+238]

at org.openqa.selenium.remote.W3CHandshakeResponse.lambda$errorHandler$0(W3CHandshakeResponse.java:62)
at org.openqa.selenium.remote.HandshakeResponse.lambda$getResponseFunction$0(HandshakeResponse.java:30)
at org.openqa.selenium.remote.ProtocolHandshake.lambda$createSession$0(ProtocolHandshake.java:126)
at java.base/java.util.stream.ReferencePipeline$3$1.accept(ReferencePipeline.java:197)
at java.base/java.util.Spliterators$ArraySpliterator.tryAdvance(Spliterators.java:1002)
at java.base/java.util.stream.ReferencePipeline.forEachWithCancel(ReferencePipeline.java:129)
at java.base/java.util.stream.AbstractPipeline.copyIntoWithCancel(AbstractPipeline.java:527)
at java.base/java.util.stream.AbstractPipeline.copyInto(AbstractPipeline.java:513)
at java.base/java.util.stream.AbstractPipeline.wrapAndCopyInto(AbstractPipeline.java:499)
at java.base/java.util.stream.FindOps$FindOp.evaluateSequential(FindOps.java:150)
at java.base/java.util.stream.AbstractPipeline.evaluate(AbstractPipeline.java:234)
at java.base/java.util.stream.ReferencePipeline.findFirst(ReferencePipeline.java:647)
at org.openqa.selenium.remote.ProtocolHandshake.createSession(ProtocolHandshake.java:128)
at org.openqa.selenium.remote.ProtocolHandshake.createSession(ProtocolHandshake.java:74)
at org.openqa.selenium.remote.HttpCommandExecutor.execute(HttpCommandExecutor.java:136)
at org.openqa.selenium.remote.service.DriverCommandExecutor.execute(DriverCommandExecutor.java:83)
at org.openqa.selenium.remote.RemoteWebDriver.execute(RemoteWebDriver.java:552)
at org.openqa.selenium.remote.RemoteWebDriver.startSession(RemoteWebDriver.java:213)
at org.openqa.selenium.remote.RemoteWebDriver.<init>(RemoteWebDriver.java:131)
at org.openqa.selenium.chrome.ChromeDriver.<init>(ChromeDriver.java:181)
at org.openqa.selenium.chrome.ChromeDriver.<init>(ChromeDriver.java:168)
at org.openqa.selenium.chrome.ChromeDriver.<init>(ChromeDriver.java:123)
at testingparallelism.CloudProviders.launchBrowser(CloudProviders.java:19)
at java.base/java.util.concurrent.ThreadPoolExecutor.runWorker(ThreadPoolExecutor.java:1136)
at java.base/java.util.concurrent.ThreadPoolExecutor$Worker.run(ThreadPoolExecutor.java:635)
at java.base/java.lang.Thread.run(Thread.java:833)
... Removed 21 stack frames]]>
    </failure>
  </testcase> <!-- @BeforeMethod launchBrowser -->
  <testcase classname="testingparallelism.GroupLearning" name="@AfterMethod closeBrowser" time="0.0">
    <failure type="java.lang.NullPointerException" message="Cannot invoke &amp;quot;org.openqa.selenium.WebDriver.quit()&amp;quot; because &amp;quot;this.driver&amp;quot; is null">
      <![CDATA[java.lang.NullPointerException: Cannot invoke "org.openqa.selenium.WebDriver.quit()" because "this.driver" is null
at testingparallelism.GroupLearning.closeBrowser(GroupLearning.java:38)
at java.base/java.util.concurrent.ThreadPoolExecutor.runWorker(ThreadPoolExecutor.java:1136)
at java.base/java.util.concurrent.ThreadPoolExecutor$Worker.run(ThreadPoolExecutor.java:635)
at java.base/java.lang.Thread.run(Thread.java:833)
... Removed 17 stack frames]]>
    </failure>
  </testcase> <!-- @AfterMethod closeBrowser -->
  <testcase classname="testingparallelism.CloudProviders" name="@AfterMethod closeBrowser" time="0.0">
    <failure type="java.lang.NullPointerException" message="Cannot invoke &amp;quot;org.openqa.selenium.WebDriver.quit()&amp;quot; because &amp;quot;this.driver&amp;quot; is null">
      <![CDATA[java.lang.NullPointerException: Cannot invoke "org.openqa.selenium.WebDriver.quit()" because "this.driver" is null
at testingparallelism.CloudProviders.closeBrowser(CloudProviders.java:37)
at java.base/java.util.concurrent.ThreadPoolExecutor.runWorker(ThreadPoolExecutor.java:1136)
at java.base/java.util.concurrent.ThreadPoolExecutor$Worker.run(ThreadPoolExecutor.java:635)
at java.base/java.lang.Thread.run(Thread.java:833)
... Removed 17 stack frames]]>
    </failure>
  </testcase> <!-- @AfterMethod closeBrowser -->
  <testcase classname="testingparallelism.GroupLearning" name="@AfterMethod closeBrowser" time="0.0">
    <failure type="java.lang.NullPointerException" message="Cannot invoke &amp;quot;org.openqa.selenium.WebDriver.quit()&amp;quot; because &amp;quot;this.driver&amp;quot; is null">
      <![CDATA[java.lang.NullPointerException: Cannot invoke "org.openqa.selenium.WebDriver.quit()" because "this.driver" is null
at testingparallelism.GroupLearning.closeBrowser(GroupLearning.java:38)
at java.base/java.util.concurrent.ThreadPoolExecutor.runWorker(ThreadPoolExecutor.java:1136)
at java.base/java.util.concurrent.ThreadPoolExecutor$Worker.run(ThreadPoolExecutor.java:635)
at java.base/java.lang.Thread.run(Thread.java:833)
... Removed 17 stack frames]]>
    </failure>
  </testcase> <!-- @AfterMethod closeBrowser -->
  <testcase classname="testingparallelism.CloudProviders" name="@AfterMethod closeBrowser" time="0.001">
    <failure type="java.lang.NullPointerException" message="Cannot invoke &amp;quot;org.openqa.selenium.WebDriver.quit()&amp;quot; because &amp;quot;this.driver&amp;quot; is null">
      <![CDATA[java.lang.NullPointerException: Cannot invoke "org.openqa.selenium.WebDriver.quit()" because "this.driver" is null
at testingparallelism.CloudProviders.closeBrowser(CloudProviders.java:37)
at java.base/java.util.concurrent.ThreadPoolExecutor.runWorker(ThreadPoolExecutor.java:1136)
at java.base/java.util.concurrent.ThreadPoolExecutor$Worker.run(ThreadPoolExecutor.java:635)
at java.base/java.lang.Thread.run(Thread.java:833)
... Removed 17 stack frames]]>
    </failure>
  </testcase> <!-- @AfterMethod closeBrowser -->
  <testcase classname="testingparallelism.GroupSocial" name="@AfterMethod closeBrowser" time="0.0">
    <failure type="java.lang.NullPointerException" message="Cannot invoke &amp;quot;org.openqa.selenium.WebDriver.quit()&amp;quot; because &amp;quot;this.driver&amp;quot; is null">
      <![CDATA[java.lang.NullPointerException: Cannot invoke "org.openqa.selenium.WebDriver.quit()" because "this.driver" is null
at testingparallelism.GroupSocial.closeBrowser(GroupSocial.java:40)
at java.base/java.util.concurrent.ThreadPoolExecutor.runWorker(ThreadPoolExecutor.java:1136)
at java.base/java.util.concurrent.ThreadPoolExecutor$Worker.run(ThreadPoolExecutor.java:635)
at java.base/java.lang.Thread.run(Thread.java:833)
... Removed 17 stack frames]]>
    </failure>
  </testcase> <!-- @AfterMethod closeBrowser -->
  <testcase classname="testingparallelism.GroupLearning" name="guvi" time="0.0">
    <skipped/>
  </testcase> <!-- guvi -->
  <testcase classname="testingparallelism.GroupSocial" name="facebook" time="0.0">
    <skipped/>
  </testcase> <!-- facebook -->
  <testcase classname="testingparallelism.GroupLearning" name="javaTPoint" time="0.0">
    <skipped/>
  </testcase> <!-- javaTPoint -->
  <testcase classname="testingparallelism.CloudProviders" name="browserStack" time="0.0">
    <skipped/>
  </testcase> <!-- browserStack -->
  <testcase classname="testingparallelism.CloudProviders" name="lambdaTest" time="0.0">
    <skipped/>
  </testcase> <!-- lambdaTest -->
  <testcase classname="testingparallelism.GroupSocial" name="twitter" time="0.0">
    <skipped/>
  </testcase> <!-- twitter -->
</testsuite> <!-- Parallel_methodslevel -->
